{"/Users/nitiponapaisri/Documents/projects/store-api/index.js": {"path":"/Users/nitiponapaisri/Documents/projects/store-api/index.js","statementMap":{"0":{"start":{"line":1,"column":16},"end":{"line":1,"column":34}},"1":{"start":{"line":3,"column":12},"end":{"line":3,"column":21}},"2":{"start":{"line":4,"column":23},"end":{"line":4,"column":51}},"3":{"start":{"line":5,"column":20},"end":{"line":5,"column":45}},"4":{"start":{"line":6,"column":20},"end":{"line":6,"column":45}},"5":{"start":{"line":7,"column":15},"end":{"line":7,"column":45}},"6":{"start":{"line":8,"column":21},"end":{"line":8,"column":57}},"7":{"start":{"line":10,"column":0},"end":{"line":10,"column":24}},"8":{"start":{"line":11,"column":0},"end":{"line":11,"column":16}},"9":{"start":{"line":12,"column":0},"end":{"line":12,"column":32}},"10":{"start":{"line":13,"column":0},"end":{"line":13,"column":29}},"11":{"start":{"line":14,"column":0},"end":{"line":14,"column":29}},"12":{"start":{"line":15,"column":0},"end":{"line":15,"column":22}},"13":{"start":{"line":17,"column":0},"end":{"line":17,"column":21}}},"fnMap":{},"branchMap":{},"s":{"0":3,"1":3,"2":3,"3":3,"4":3,"5":3,"6":3,"7":3,"8":3,"9":3,"10":3,"11":3,"12":3,"13":3},"f":{},"b":{},"_coverageSchema":"1a1c01bbd47fc00a2c39e90264f33305004495a9","hash":"54ee276f634dd450db2f405d62ac0bcb76e1f69c"}
,"/Users/nitiponapaisri/Documents/projects/store-api/utils.js": {"path":"/Users/nitiponapaisri/Documents/projects/store-api/utils.js","statementMap":{"0":{"start":{"line":1,"column":22},"end":{"line":6,"column":1}},"1":{"start":{"line":2,"column":2},"end":{"line":4,"column":3}},"2":{"start":{"line":3,"column":4},"end":{"line":3,"column":16}},"3":{"start":{"line":5,"column":2},"end":{"line":5,"column":13}},"4":{"start":{"line":8,"column":0},"end":{"line":8,"column":34}}},"fnMap":{"0":{"name":"(anonymous_0)","decl":{"start":{"line":1,"column":22},"end":{"line":1,"column":23}},"loc":{"start":{"line":1,"column":39},"end":{"line":6,"column":1}},"line":1}},"branchMap":{"0":{"loc":{"start":{"line":2,"column":2},"end":{"line":4,"column":3}},"type":"if","locations":[{"start":{"line":2,"column":2},"end":{"line":4,"column":3}},{"start":{},"end":{}}],"line":2},"1":{"loc":{"start":{"line":2,"column":6},"end":{"line":2,"column":59}},"type":"binary-expr","locations":[{"start":{"line":2,"column":6},"end":{"line":2,"column":30}},{"start":{"line":2,"column":34},"end":{"line":2,"column":59}}],"line":2}},"s":{"0":3,"1":6,"2":3,"3":3,"4":3},"f":{"0":6},"b":{"0":[3,3],"1":[6,3]},"_coverageSchema":"1a1c01bbd47fc00a2c39e90264f33305004495a9","hash":"f15845bc3a083cf6f7ff964e339c652d77dd0bd8"}
,"/Users/nitiponapaisri/Documents/projects/store-api/api/carts.js": {"path":"/Users/nitiponapaisri/Documents/projects/store-api/api/carts.js","statementMap":{"0":{"start":{"line":1,"column":31},"end":{"line":1,"column":58}},"1":{"start":{"line":2,"column":19},"end":{"line":2,"column":45}},"2":{"start":{"line":3,"column":27},"end":{"line":3,"column":56}},"3":{"start":{"line":4,"column":24},"end":{"line":4,"column":50}},"4":{"start":{"line":6,"column":20},"end":{"line":15,"column":1}},"5":{"start":{"line":7,"column":24},"end":{"line":7,"column":34}},"6":{"start":{"line":8,"column":2},"end":{"line":14,"column":3}},"7":{"start":{"line":9,"column":4},"end":{"line":9,"column":26}},"8":{"start":{"line":10,"column":17},"end":{"line":10,"column":50}},"9":{"start":{"line":11,"column":4},"end":{"line":11,"column":28}},"10":{"start":{"line":13,"column":4},"end":{"line":13,"column":13}},"11":{"start":{"line":17,"column":22},"end":{"line":32,"column":1}},"12":{"start":{"line":18,"column":24},"end":{"line":18,"column":34}},"13":{"start":{"line":19,"column":15},"end":{"line":19,"column":28}},"14":{"start":{"line":20,"column":2},"end":{"line":31,"column":3}},"15":{"start":{"line":21,"column":4},"end":{"line":26,"column":6}},"16":{"start":{"line":22,"column":6},"end":{"line":24,"column":7}},"17":{"start":{"line":23,"column":8},"end":{"line":23,"column":38}},"18":{"start":{"line":25,"column":6},"end":{"line":25,"column":39}},"19":{"start":{"line":27,"column":4},"end":{"line":27,"column":45}},"20":{"start":{"line":28,"column":4},"end":{"line":28,"column":54}},"21":{"start":{"line":30,"column":4},"end":{"line":30,"column":13}},"22":{"start":{"line":34,"column":23},"end":{"line":50,"column":1}},"23":{"start":{"line":35,"column":32},"end":{"line":35,"column":42}},"24":{"start":{"line":36,"column":21},"end":{"line":36,"column":29}},"25":{"start":{"line":38,"column":2},"end":{"line":49,"column":3}},"26":{"start":{"line":39,"column":4},"end":{"line":41,"column":5}},"27":{"start":{"line":40,"column":6},"end":{"line":40,"column":36}},"28":{"start":{"line":43,"column":4},"end":{"line":43,"column":26}},"29":{"start":{"line":44,"column":4},"end":{"line":44,"column":56}},"30":{"start":{"line":46,"column":4},"end":{"line":46,"column":37}},"31":{"start":{"line":48,"column":4},"end":{"line":48,"column":13}},"32":{"start":{"line":52,"column":25},"end":{"line":62,"column":1}},"33":{"start":{"line":53,"column":32},"end":{"line":53,"column":42}},"34":{"start":{"line":54,"column":2},"end":{"line":61,"column":3}},"35":{"start":{"line":55,"column":4},"end":{"line":55,"column":26}},"36":{"start":{"line":56,"column":4},"end":{"line":56,"column":26}},"37":{"start":{"line":57,"column":4},"end":{"line":57,"column":50}},"38":{"start":{"line":58,"column":4},"end":{"line":58,"column":37}},"39":{"start":{"line":60,"column":4},"end":{"line":60,"column":13}},"40":{"start":{"line":64,"column":0},"end":{"line":69,"column":1}}},"fnMap":{"0":{"name":"(anonymous_0)","decl":{"start":{"line":6,"column":20},"end":{"line":6,"column":21}},"loc":{"start":{"line":6,"column":40},"end":{"line":15,"column":1}},"line":6},"1":{"name":"(anonymous_1)","decl":{"start":{"line":17,"column":22},"end":{"line":17,"column":23}},"loc":{"start":{"line":17,"column":48},"end":{"line":32,"column":1}},"line":17},"2":{"name":"(anonymous_2)","decl":{"start":{"line":21,"column":17},"end":{"line":21,"column":18}},"loc":{"start":{"line":21,"column":30},"end":{"line":26,"column":5}},"line":21},"3":{"name":"(anonymous_3)","decl":{"start":{"line":34,"column":23},"end":{"line":34,"column":24}},"loc":{"start":{"line":34,"column":49},"end":{"line":50,"column":1}},"line":34},"4":{"name":"(anonymous_4)","decl":{"start":{"line":52,"column":25},"end":{"line":52,"column":26}},"loc":{"start":{"line":52,"column":51},"end":{"line":62,"column":1}},"line":52}},"branchMap":{"0":{"loc":{"start":{"line":22,"column":6},"end":{"line":24,"column":7}},"type":"if","locations":[{"start":{"line":22,"column":6},"end":{"line":24,"column":7}},{"start":{},"end":{}}],"line":22},"1":{"loc":{"start":{"line":22,"column":10},"end":{"line":22,"column":71}},"type":"binary-expr","locations":[{"start":{"line":22,"column":10},"end":{"line":22,"column":40}},{"start":{"line":22,"column":44},"end":{"line":22,"column":71}}],"line":22},"2":{"loc":{"start":{"line":39,"column":4},"end":{"line":41,"column":5}},"type":"if","locations":[{"start":{"line":39,"column":4},"end":{"line":41,"column":5}},{"start":{},"end":{}}],"line":39},"3":{"loc":{"start":{"line":39,"column":8},"end":{"line":39,"column":48}},"type":"binary-expr","locations":[{"start":{"line":39,"column":8},"end":{"line":39,"column":34}},{"start":{"line":39,"column":38},"end":{"line":39,"column":48}}],"line":39}},"s":{"0":3,"1":3,"2":3,"3":3,"4":3,"5":3,"6":3,"7":3,"8":2,"9":1,"10":2,"11":3,"12":3,"13":3,"14":3,"15":3,"16":3,"17":1,"18":2,"19":1,"20":1,"21":2,"22":3,"23":3,"24":3,"25":3,"26":3,"27":2,"28":1,"29":1,"30":1,"31":2,"32":3,"33":2,"34":2,"35":2,"36":2,"37":2,"38":2,"39":0,"40":3},"f":{"0":3,"1":3,"2":3,"3":3,"4":2},"b":{"0":[1,2],"1":[3,2],"2":[2,1],"3":[3,1]},"_coverageSchema":"1a1c01bbd47fc00a2c39e90264f33305004495a9","hash":"bddfa70537e91048bf9b2e9918081bda689e9441"}
,"/Users/nitiponapaisri/Documents/projects/store-api/api/products.js": {"path":"/Users/nitiponapaisri/Documents/projects/store-api/api/products.js","statementMap":{"0":{"start":{"line":1,"column":22},"end":{"line":1,"column":51}},"1":{"start":{"line":2,"column":26},"end":{"line":2,"column":45}},"2":{"start":{"line":8,"column":4},"end":{"line":8,"column":34}},"3":{"start":{"line":10,"column":23},"end":{"line":19,"column":1}},"4":{"start":{"line":11,"column":4},"end":{"line":18,"column":5}},"5":{"start":{"line":12,"column":25},"end":{"line":12,"column":55}},"6":{"start":{"line":13,"column":8},"end":{"line":15,"column":11}},"7":{"start":{"line":17,"column":8},"end":{"line":17,"column":18}},"8":{"start":{"line":21,"column":23},"end":{"line":31,"column":1}},"9":{"start":{"line":22,"column":19},"end":{"line":22,"column":29}},"10":{"start":{"line":23,"column":4},"end":{"line":30,"column":5}},"11":{"start":{"line":24,"column":24},"end":{"line":24,"column":56}},"12":{"start":{"line":25,"column":8},"end":{"line":27,"column":11}},"13":{"start":{"line":29,"column":8},"end":{"line":29,"column":18}},"14":{"start":{"line":33,"column":20},"end":{"line":47,"column":1}},"15":{"start":{"line":34,"column":28},"end":{"line":34,"column":36}},"16":{"start":{"line":35,"column":4},"end":{"line":46,"column":5}},"17":{"start":{"line":36,"column":8},"end":{"line":38,"column":9}},"18":{"start":{"line":37,"column":12},"end":{"line":37,"column":38}},"19":{"start":{"line":39,"column":8},"end":{"line":39,"column":86}},"20":{"start":{"line":39,"column":55},"end":{"line":39,"column":86}},"21":{"start":{"line":40,"column":8},"end":{"line":40,"column":47}},"22":{"start":{"line":41,"column":8},"end":{"line":43,"column":11}},"23":{"start":{"line":45,"column":8},"end":{"line":45,"column":18}},"24":{"start":{"line":49,"column":24},"end":{"line":63,"column":1}},"25":{"start":{"line":50,"column":19},"end":{"line":50,"column":29}},"26":{"start":{"line":51,"column":28},"end":{"line":51,"column":36}},"27":{"start":{"line":52,"column":4},"end":{"line":62,"column":5}},"28":{"start":{"line":53,"column":8},"end":{"line":55,"column":9}},"29":{"start":{"line":54,"column":12},"end":{"line":54,"column":38}},"30":{"start":{"line":56,"column":8},"end":{"line":56,"column":55}},"31":{"start":{"line":57,"column":8},"end":{"line":59,"column":11}},"32":{"start":{"line":61,"column":8},"end":{"line":61,"column":18}},"33":{"start":{"line":65,"column":26},"end":{"line":75,"column":1}},"34":{"start":{"line":66,"column":19},"end":{"line":66,"column":29}},"35":{"start":{"line":67,"column":4},"end":{"line":74,"column":5}},"36":{"start":{"line":68,"column":8},"end":{"line":68,"column":44}},"37":{"start":{"line":69,"column":8},"end":{"line":71,"column":11}},"38":{"start":{"line":73,"column":8},"end":{"line":73,"column":18}},"39":{"start":{"line":77,"column":0},"end":{"line":83,"column":2}}},"fnMap":{"0":{"name":"(anonymous_0)","decl":{"start":{"line":10,"column":23},"end":{"line":10,"column":24}},"loc":{"start":{"line":10,"column":49},"end":{"line":19,"column":1}},"line":10},"1":{"name":"(anonymous_1)","decl":{"start":{"line":21,"column":23},"end":{"line":21,"column":24}},"loc":{"start":{"line":21,"column":49},"end":{"line":31,"column":1}},"line":21},"2":{"name":"(anonymous_2)","decl":{"start":{"line":33,"column":20},"end":{"line":33,"column":21}},"loc":{"start":{"line":33,"column":46},"end":{"line":47,"column":1}},"line":33},"3":{"name":"(anonymous_3)","decl":{"start":{"line":49,"column":24},"end":{"line":49,"column":25}},"loc":{"start":{"line":49,"column":50},"end":{"line":63,"column":1}},"line":49},"4":{"name":"(anonymous_4)","decl":{"start":{"line":65,"column":26},"end":{"line":65,"column":27}},"loc":{"start":{"line":65,"column":52},"end":{"line":75,"column":1}},"line":65}},"branchMap":{"0":{"loc":{"start":{"line":36,"column":8},"end":{"line":38,"column":9}},"type":"if","locations":[{"start":{"line":36,"column":8},"end":{"line":38,"column":9}},{"start":{},"end":{}}],"line":36},"1":{"loc":{"start":{"line":39,"column":8},"end":{"line":39,"column":86}},"type":"if","locations":[{"start":{"line":39,"column":8},"end":{"line":39,"column":86}},{"start":{},"end":{}}],"line":39},"2":{"loc":{"start":{"line":39,"column":12},"end":{"line":39,"column":53}},"type":"binary-expr","locations":[{"start":{"line":39,"column":12},"end":{"line":39,"column":30}},{"start":{"line":39,"column":34},"end":{"line":39,"column":53}}],"line":39},"3":{"loc":{"start":{"line":53,"column":8},"end":{"line":55,"column":9}},"type":"if","locations":[{"start":{"line":53,"column":8},"end":{"line":55,"column":9}},{"start":{},"end":{}}],"line":53}},"s":{"0":3,"1":3,"2":3,"3":3,"4":2,"5":2,"6":2,"7":0,"8":3,"9":3,"10":3,"11":3,"12":2,"13":1,"14":3,"15":3,"16":3,"17":3,"18":2,"19":1,"20":0,"21":1,"22":1,"23":2,"24":3,"25":3,"26":3,"27":3,"28":3,"29":1,"30":2,"31":1,"32":2,"33":3,"34":2,"35":2,"36":2,"37":1,"38":1,"39":3},"f":{"0":2,"1":3,"2":3,"3":3,"4":2},"b":{"0":[2,1],"1":[0,1],"2":[1,1],"3":[1,2]},"_coverageSchema":"1a1c01bbd47fc00a2c39e90264f33305004495a9","hash":"a356ca11cede4fd753108374cd11632fb47366a6"}
,"/Users/nitiponapaisri/Documents/projects/store-api/api/users.js": {"path":"/Users/nitiponapaisri/Documents/projects/store-api/api/users.js","statementMap":{"0":{"start":{"line":1,"column":19},"end":{"line":1,"column":45}},"1":{"start":{"line":2,"column":23},"end":{"line":2,"column":38}},"2":{"start":{"line":3,"column":24},"end":{"line":3,"column":54}},"3":{"start":{"line":5,"column":20},"end":{"line":14,"column":1}},"4":{"start":{"line":6,"column":4},"end":{"line":13,"column":5}},"5":{"start":{"line":7,"column":22},"end":{"line":7,"column":46}},"6":{"start":{"line":8,"column":8},"end":{"line":10,"column":11}},"7":{"start":{"line":12,"column":8},"end":{"line":12,"column":18}},"8":{"start":{"line":16,"column":20},"end":{"line":26,"column":1}},"9":{"start":{"line":17,"column":19},"end":{"line":17,"column":29}},"10":{"start":{"line":18,"column":4},"end":{"line":25,"column":5}},"11":{"start":{"line":19,"column":21},"end":{"line":19,"column":47}},"12":{"start":{"line":20,"column":8},"end":{"line":22,"column":11}},"13":{"start":{"line":24,"column":8},"end":{"line":24,"column":18}},"14":{"start":{"line":28,"column":22},"end":{"line":41,"column":1}},"15":{"start":{"line":29,"column":21},"end":{"line":29,"column":29}},"16":{"start":{"line":31,"column":18},"end":{"line":31,"column":26}},"17":{"start":{"line":32,"column":4},"end":{"line":40,"column":5}},"18":{"start":{"line":33,"column":8},"end":{"line":33,"column":63}},"19":{"start":{"line":33,"column":31},"end":{"line":33,"column":63}},"20":{"start":{"line":34,"column":8},"end":{"line":34,"column":41}},"21":{"start":{"line":35,"column":8},"end":{"line":37,"column":11}},"22":{"start":{"line":39,"column":8},"end":{"line":39,"column":18}},"23":{"start":{"line":43,"column":23},"end":{"line":53,"column":1}},"24":{"start":{"line":44,"column":19},"end":{"line":44,"column":29}},"25":{"start":{"line":45,"column":4},"end":{"line":52,"column":5}},"26":{"start":{"line":46,"column":8},"end":{"line":46,"column":38}},"27":{"start":{"line":47,"column":8},"end":{"line":49,"column":11}},"28":{"start":{"line":51,"column":8},"end":{"line":51,"column":18}},"29":{"start":{"line":55,"column":0},"end":{"line":60,"column":2}}},"fnMap":{"0":{"name":"(anonymous_0)","decl":{"start":{"line":5,"column":20},"end":{"line":5,"column":21}},"loc":{"start":{"line":5,"column":46},"end":{"line":14,"column":1}},"line":5},"1":{"name":"(anonymous_1)","decl":{"start":{"line":16,"column":20},"end":{"line":16,"column":21}},"loc":{"start":{"line":16,"column":46},"end":{"line":26,"column":1}},"line":16},"2":{"name":"(anonymous_2)","decl":{"start":{"line":28,"column":22},"end":{"line":28,"column":23}},"loc":{"start":{"line":28,"column":48},"end":{"line":41,"column":1}},"line":28},"3":{"name":"(anonymous_3)","decl":{"start":{"line":43,"column":23},"end":{"line":43,"column":24}},"loc":{"start":{"line":43,"column":49},"end":{"line":53,"column":1}},"line":43}},"branchMap":{"0":{"loc":{"start":{"line":33,"column":8},"end":{"line":33,"column":63}},"type":"if","locations":[{"start":{"line":33,"column":8},"end":{"line":33,"column":63}},{"start":{},"end":{}}],"line":33}},"s":{"0":3,"1":3,"2":3,"3":3,"4":2,"5":2,"6":2,"7":0,"8":3,"9":2,"10":2,"11":2,"12":1,"13":1,"14":3,"15":2,"16":2,"17":2,"18":2,"19":1,"20":1,"21":1,"22":1,"23":3,"24":2,"25":2,"26":2,"27":1,"28":1,"29":3},"f":{"0":2,"1":2,"2":2,"3":2},"b":{"0":[1,1]},"_coverageSchema":"1a1c01bbd47fc00a2c39e90264f33305004495a9","hash":"c198695a716813e80b0cbd7f2df862eac06eaed7"}
,"/Users/nitiponapaisri/Documents/projects/store-api/db/database.js": {"path":"/Users/nitiponapaisri/Documents/projects/store-api/db/database.js","statementMap":{"0":{"start":{"line":1,"column":17},"end":{"line":59,"column":1}},"1":{"start":{"line":60,"column":0},"end":{"line":60,"column":30}}},"fnMap":{},"branchMap":{},"s":{"0":3,"1":3},"f":{},"b":{},"_coverageSchema":"1a1c01bbd47fc00a2c39e90264f33305004495a9","hash":"e5b00e68b8c613367b8d0a386ce8d23bc370f198"}
,"/Users/nitiponapaisri/Documents/projects/store-api/errors/errors.js": {"path":"/Users/nitiponapaisri/Documents/projects/store-api/errors/errors.js","statementMap":{"0":{"start":{"line":5,"column":8},"end":{"line":5,"column":16}},"1":{"start":{"line":6,"column":8},"end":{"line":6,"column":45}},"2":{"start":{"line":7,"column":8},"end":{"line":7,"column":29}},"3":{"start":{"line":13,"column":8},"end":{"line":13,"column":16}},"4":{"start":{"line":14,"column":8},"end":{"line":14,"column":51}},"5":{"start":{"line":15,"column":8},"end":{"line":15,"column":29}},"6":{"start":{"line":20,"column":8},"end":{"line":20,"column":16}},"7":{"start":{"line":21,"column":8},"end":{"line":21,"column":56}},"8":{"start":{"line":22,"column":8},"end":{"line":22,"column":29}},"9":{"start":{"line":30,"column":8},"end":{"line":30,"column":16}},"10":{"start":{"line":31,"column":8},"end":{"line":31,"column":44}},"11":{"start":{"line":32,"column":8},"end":{"line":32,"column":29}},"12":{"start":{"line":37,"column":8},"end":{"line":37,"column":16}},"13":{"start":{"line":38,"column":8},"end":{"line":38,"column":44}},"14":{"start":{"line":39,"column":8},"end":{"line":39,"column":29}},"15":{"start":{"line":45,"column":8},"end":{"line":45,"column":16}},"16":{"start":{"line":46,"column":8},"end":{"line":46,"column":29}},"17":{"start":{"line":47,"column":8},"end":{"line":47,"column":74}},"18":{"start":{"line":48,"column":8},"end":{"line":48,"column":29}},"19":{"start":{"line":52,"column":0},"end":{"line":60,"column":2}}},"fnMap":{"0":{"name":"(anonymous_0)","decl":{"start":{"line":4,"column":4},"end":{"line":4,"column":5}},"loc":{"start":{"line":4,"column":18},"end":{"line":8,"column":5}},"line":4},"1":{"name":"(anonymous_1)","decl":{"start":{"line":12,"column":4},"end":{"line":12,"column":5}},"loc":{"start":{"line":12,"column":18},"end":{"line":16,"column":5}},"line":12},"2":{"name":"(anonymous_2)","decl":{"start":{"line":19,"column":4},"end":{"line":19,"column":5}},"loc":{"start":{"line":19,"column":18},"end":{"line":23,"column":5}},"line":19},"3":{"name":"(anonymous_3)","decl":{"start":{"line":29,"column":4},"end":{"line":29,"column":5}},"loc":{"start":{"line":29,"column":18},"end":{"line":33,"column":5}},"line":29},"4":{"name":"(anonymous_4)","decl":{"start":{"line":36,"column":4},"end":{"line":36,"column":5}},"loc":{"start":{"line":36,"column":18},"end":{"line":40,"column":5}},"line":36},"5":{"name":"(anonymous_5)","decl":{"start":{"line":44,"column":4},"end":{"line":44,"column":5}},"loc":{"start":{"line":44,"column":24},"end":{"line":49,"column":5}},"line":44}},"branchMap":{},"s":{"0":3,"1":3,"2":3,"3":4,"4":4,"5":4,"6":3,"7":3,"8":3,"9":3,"10":3,"11":3,"12":1,"13":1,"14":1,"15":1,"16":1,"17":1,"18":1,"19":3},"f":{"0":3,"1":4,"2":3,"3":3,"4":1,"5":1},"b":{},"_coverageSchema":"1a1c01bbd47fc00a2c39e90264f33305004495a9","hash":"293f934722689f93b7082aca5787be0f5e704538"}
,"/Users/nitiponapaisri/Documents/projects/store-api/middleware/errorHandler.js": {"path":"/Users/nitiponapaisri/Documents/projects/store-api/middleware/errorHandler.js","statementMap":{"0":{"start":{"line":1,"column":25},"end":{"line":1,"column":55}},"1":{"start":{"line":4,"column":4},"end":{"line":8,"column":5}},"2":{"start":{"line":5,"column":8},"end":{"line":5,"column":67}},"3":{"start":{"line":7,"column":8},"end":{"line":7,"column":64}},"4":{"start":{"line":11,"column":0},"end":{"line":11,"column":30}}},"fnMap":{"0":{"name":"errorHandler","decl":{"start":{"line":3,"column":9},"end":{"line":3,"column":21}},"loc":{"start":{"line":3,"column":45},"end":{"line":9,"column":1}},"line":3}},"branchMap":{"0":{"loc":{"start":{"line":4,"column":4},"end":{"line":8,"column":5}},"type":"if","locations":[{"start":{"line":4,"column":4},"end":{"line":8,"column":5}},{"start":{"line":6,"column":11},"end":{"line":8,"column":5}}],"line":4}},"s":{"0":3,"1":15,"2":15,"3":0,"4":3},"f":{"0":15},"b":{"0":[15,0]},"_coverageSchema":"1a1c01bbd47fc00a2c39e90264f33305004495a9","hash":"b60ebbe2362997a44b4c60d1771855172fa575e1"}
,"/Users/nitiponapaisri/Documents/projects/store-api/middleware/logger.js": {"path":"/Users/nitiponapaisri/Documents/projects/store-api/middleware/logger.js","statementMap":{"0":{"start":{"line":1,"column":15},"end":{"line":4,"column":1}},"1":{"start":{"line":3,"column":2},"end":{"line":3,"column":8}},"2":{"start":{"line":6,"column":0},"end":{"line":6,"column":23}}},"fnMap":{"0":{"name":"(anonymous_0)","decl":{"start":{"line":1,"column":15},"end":{"line":1,"column":16}},"loc":{"start":{"line":1,"column":35},"end":{"line":4,"column":1}},"line":1}},"branchMap":{},"s":{"0":3,"1":33,"2":3},"f":{"0":33},"b":{},"_coverageSchema":"1a1c01bbd47fc00a2c39e90264f33305004495a9","hash":"889ccf916448b835dcd21a89ed4f42f1c3c6fd64"}
,"/Users/nitiponapaisri/Documents/projects/store-api/models/carts.js": {"path":"/Users/nitiponapaisri/Documents/projects/store-api/models/carts.js","statementMap":{"0":{"start":{"line":1,"column":21},"end":{"line":1,"column":49}},"1":{"start":{"line":2,"column":47},"end":{"line":2,"column":77}},"2":{"start":{"line":4,"column":17},"end":{"line":4,"column":34}},"3":{"start":{"line":5,"column":20},"end":{"line":10,"column":1}},"4":{"start":{"line":6,"column":22},"end":{"line":6,"column":68}},"5":{"start":{"line":6,"column":51},"end":{"line":6,"column":67}},"6":{"start":{"line":7,"column":4},"end":{"line":7,"column":53}},"7":{"start":{"line":7,"column":26},"end":{"line":7,"column":53}},"8":{"start":{"line":8,"column":17},"end":{"line":8,"column":41}},"9":{"start":{"line":9,"column":4},"end":{"line":9,"column":16}},"10":{"start":{"line":12,"column":22},"end":{"line":15,"column":1}},"11":{"start":{"line":13,"column":4},"end":{"line":13,"column":81}},"12":{"start":{"line":13,"column":32},"end":{"line":13,"column":51}},"13":{"start":{"line":13,"column":54},"end":{"line":13,"column":81}},"14":{"start":{"line":14,"column":4},"end":{"line":14,"column":42}},"15":{"start":{"line":17,"column":23},"end":{"line":26,"column":1}},"16":{"start":{"line":18,"column":21},"end":{"line":18,"column":43}},"17":{"start":{"line":19,"column":21},"end":{"line":19,"column":78}},"18":{"start":{"line":19,"column":50},"end":{"line":19,"column":77}},"19":{"start":{"line":20,"column":22},"end":{"line":20,"column":70}},"20":{"start":{"line":20,"column":46},"end":{"line":20,"column":69}},"21":{"start":{"line":22,"column":4},"end":{"line":22,"column":45}},"22":{"start":{"line":23,"column":4},"end":{"line":23,"column":84}},"23":{"start":{"line":23,"column":45},"end":{"line":23,"column":84}},"24":{"start":{"line":24,"column":4},"end":{"line":24,"column":58}},"25":{"start":{"line":24,"column":31},"end":{"line":24,"column":58}},"26":{"start":{"line":25,"column":4},"end":{"line":25,"column":62}},"27":{"start":{"line":25,"column":31},"end":{"line":25,"column":62}},"28":{"start":{"line":28,"column":25},"end":{"line":35,"column":1}},"29":{"start":{"line":29,"column":21},"end":{"line":29,"column":43}},"30":{"start":{"line":30,"column":22},"end":{"line":30,"column":75}},"31":{"start":{"line":30,"column":51},"end":{"line":30,"column":74}},"32":{"start":{"line":31,"column":22},"end":{"line":31,"column":76}},"33":{"start":{"line":31,"column":51},"end":{"line":31,"column":75}},"34":{"start":{"line":32,"column":4},"end":{"line":32,"column":56}},"35":{"start":{"line":32,"column":25},"end":{"line":32,"column":56}},"36":{"start":{"line":33,"column":4},"end":{"line":33,"column":34}},"37":{"start":{"line":34,"column":4},"end":{"line":34,"column":60}},"38":{"start":{"line":34,"column":30},"end":{"line":34,"column":60}},"39":{"start":{"line":36,"column":0},"end":{"line":41,"column":2}}},"fnMap":{"0":{"name":"(anonymous_0)","decl":{"start":{"line":5,"column":20},"end":{"line":5,"column":21}},"loc":{"start":{"line":5,"column":28},"end":{"line":10,"column":1}},"line":5},"1":{"name":"(anonymous_1)","decl":{"start":{"line":6,"column":41},"end":{"line":6,"column":42}},"loc":{"start":{"line":6,"column":51},"end":{"line":6,"column":67}},"line":6},"2":{"name":"(anonymous_2)","decl":{"start":{"line":12,"column":22},"end":{"line":12,"column":23}},"loc":{"start":{"line":12,"column":39},"end":{"line":15,"column":1}},"line":12},"3":{"name":"(anonymous_3)","decl":{"start":{"line":13,"column":22},"end":{"line":13,"column":23}},"loc":{"start":{"line":13,"column":32},"end":{"line":13,"column":51}},"line":13},"4":{"name":"(anonymous_4)","decl":{"start":{"line":17,"column":23},"end":{"line":17,"column":24}},"loc":{"start":{"line":17,"column":57},"end":{"line":26,"column":1}},"line":17},"5":{"name":"(anonymous_5)","decl":{"start":{"line":19,"column":40},"end":{"line":19,"column":41}},"loc":{"start":{"line":19,"column":50},"end":{"line":19,"column":77}},"line":19},"6":{"name":"(anonymous_6)","decl":{"start":{"line":20,"column":36},"end":{"line":20,"column":37}},"loc":{"start":{"line":20,"column":46},"end":{"line":20,"column":69}},"line":20},"7":{"name":"(anonymous_7)","decl":{"start":{"line":28,"column":25},"end":{"line":28,"column":26}},"loc":{"start":{"line":28,"column":48},"end":{"line":35,"column":1}},"line":28},"8":{"name":"(anonymous_8)","decl":{"start":{"line":30,"column":41},"end":{"line":30,"column":42}},"loc":{"start":{"line":30,"column":51},"end":{"line":30,"column":74}},"line":30},"9":{"name":"(anonymous_9)","decl":{"start":{"line":31,"column":41},"end":{"line":31,"column":42}},"loc":{"start":{"line":31,"column":51},"end":{"line":31,"column":75}},"line":31}},"branchMap":{"0":{"loc":{"start":{"line":7,"column":4},"end":{"line":7,"column":53}},"type":"if","locations":[{"start":{"line":7,"column":4},"end":{"line":7,"column":53}},{"start":{},"end":{}}],"line":7},"1":{"loc":{"start":{"line":13,"column":4},"end":{"line":13,"column":81}},"type":"if","locations":[{"start":{"line":13,"column":4},"end":{"line":13,"column":81}},{"start":{},"end":{}}],"line":13},"2":{"loc":{"start":{"line":23,"column":4},"end":{"line":23,"column":84}},"type":"if","locations":[{"start":{"line":23,"column":4},"end":{"line":23,"column":84}},{"start":{},"end":{}}],"line":23},"3":{"loc":{"start":{"line":24,"column":4},"end":{"line":24,"column":58}},"type":"if","locations":[{"start":{"line":24,"column":4},"end":{"line":24,"column":58}},{"start":{},"end":{}}],"line":24},"4":{"loc":{"start":{"line":25,"column":4},"end":{"line":25,"column":62}},"type":"if","locations":[{"start":{"line":25,"column":4},"end":{"line":25,"column":62}},{"start":{},"end":{}}],"line":25},"5":{"loc":{"start":{"line":32,"column":4},"end":{"line":32,"column":56}},"type":"if","locations":[{"start":{"line":32,"column":4},"end":{"line":32,"column":56}},{"start":{},"end":{}}],"line":32},"6":{"loc":{"start":{"line":34,"column":4},"end":{"line":34,"column":60}},"type":"if","locations":[{"start":{"line":34,"column":4},"end":{"line":34,"column":60}},{"start":{},"end":{}}],"line":34}},"s":{"0":3,"1":3,"2":3,"3":3,"4":5,"5":7,"6":5,"7":1,"8":4,"9":4,"10":3,"11":1,"12":2,"13":0,"14":1,"15":3,"16":1,"17":1,"18":1,"19":1,"20":1,"21":1,"22":1,"23":0,"24":1,"25":0,"26":1,"27":0,"28":3,"29":2,"30":2,"31":3,"32":2,"33":2,"34":2,"35":0,"36":2,"37":2,"38":1,"39":3},"f":{"0":5,"1":7,"2":1,"3":2,"4":1,"5":1,"6":1,"7":2,"8":3,"9":2},"b":{"0":[1,4],"1":[0,1],"2":[0,1],"3":[0,1],"4":[0,1],"5":[0,2],"6":[1,1]},"_coverageSchema":"1a1c01bbd47fc00a2c39e90264f33305004495a9","hash":"e7b8051337bd2c23835673fb0d9cb8da9e38e77d"}
,"/Users/nitiponapaisri/Documents/projects/store-api/models/products.js": {"path":"/Users/nitiponapaisri/Documents/projects/store-api/models/products.js","statementMap":{"0":{"start":{"line":1,"column":21},"end":{"line":1,"column":49}},"1":{"start":{"line":2,"column":23},"end":{"line":2,"column":38}},"2":{"start":{"line":3,"column":31},"end":{"line":3,"column":61}},"3":{"start":{"line":4,"column":20},"end":{"line":4,"column":40}},"4":{"start":{"line":6,"column":23},"end":{"line":8,"column":1}},"5":{"start":{"line":7,"column":4},"end":{"line":7,"column":23}},"6":{"start":{"line":10,"column":23},"end":{"line":14,"column":1}},"7":{"start":{"line":11,"column":20},"end":{"line":11,"column":61}},"8":{"start":{"line":11,"column":47},"end":{"line":11,"column":60}},"9":{"start":{"line":12,"column":4},"end":{"line":12,"column":61}},"10":{"start":{"line":12,"column":30},"end":{"line":12,"column":61}},"11":{"start":{"line":13,"column":4},"end":{"line":13,"column":19}},"12":{"start":{"line":16,"column":20},"end":{"line":23,"column":1}},"13":{"start":{"line":17,"column":20},"end":{"line":21,"column":5}},"14":{"start":{"line":22,"column":4},"end":{"line":22,"column":30}},"15":{"start":{"line":25,"column":24},"end":{"line":30,"column":1}},"16":{"start":{"line":26,"column":25},"end":{"line":26,"column":80}},"17":{"start":{"line":26,"column":66},"end":{"line":26,"column":79}},"18":{"start":{"line":27,"column":4},"end":{"line":27,"column":59}},"19":{"start":{"line":27,"column":28},"end":{"line":27,"column":59}},"20":{"start":{"line":28,"column":4},"end":{"line":28,"column":75}},"21":{"start":{"line":28,"column":28},"end":{"line":28,"column":75}},"22":{"start":{"line":29,"column":4},"end":{"line":29,"column":78}},"23":{"start":{"line":29,"column":29},"end":{"line":29,"column":78}},"24":{"start":{"line":32,"column":26},"end":{"line":36,"column":1}},"25":{"start":{"line":33,"column":25},"end":{"line":33,"column":71}},"26":{"start":{"line":33,"column":57},"end":{"line":33,"column":70}},"27":{"start":{"line":34,"column":4},"end":{"line":34,"column":59}},"28":{"start":{"line":34,"column":28},"end":{"line":34,"column":59}},"29":{"start":{"line":35,"column":4},"end":{"line":35,"column":40}},"30":{"start":{"line":38,"column":0},"end":{"line":44,"column":2}}},"fnMap":{"0":{"name":"(anonymous_0)","decl":{"start":{"line":6,"column":23},"end":{"line":6,"column":24}},"loc":{"start":{"line":6,"column":29},"end":{"line":8,"column":1}},"line":6},"1":{"name":"(anonymous_1)","decl":{"start":{"line":10,"column":23},"end":{"line":10,"column":24}},"loc":{"start":{"line":10,"column":31},"end":{"line":14,"column":1}},"line":10},"2":{"name":"(anonymous_2)","decl":{"start":{"line":11,"column":37},"end":{"line":11,"column":38}},"loc":{"start":{"line":11,"column":47},"end":{"line":11,"column":60}},"line":11},"3":{"name":"(anonymous_3)","decl":{"start":{"line":16,"column":20},"end":{"line":16,"column":21}},"loc":{"start":{"line":16,"column":37},"end":{"line":23,"column":1}},"line":16},"4":{"name":"(anonymous_4)","decl":{"start":{"line":25,"column":24},"end":{"line":25,"column":25}},"loc":{"start":{"line":25,"column":45},"end":{"line":30,"column":1}},"line":25},"5":{"name":"(anonymous_5)","decl":{"start":{"line":26,"column":56},"end":{"line":26,"column":57}},"loc":{"start":{"line":26,"column":66},"end":{"line":26,"column":79}},"line":26},"6":{"name":"(anonymous_6)","decl":{"start":{"line":32,"column":26},"end":{"line":32,"column":27}},"loc":{"start":{"line":32,"column":34},"end":{"line":36,"column":1}},"line":32},"7":{"name":"(anonymous_7)","decl":{"start":{"line":33,"column":47},"end":{"line":33,"column":48}},"loc":{"start":{"line":33,"column":57},"end":{"line":33,"column":70}},"line":33}},"branchMap":{"0":{"loc":{"start":{"line":12,"column":4},"end":{"line":12,"column":61}},"type":"if","locations":[{"start":{"line":12,"column":4},"end":{"line":12,"column":61}},{"start":{},"end":{}}],"line":12},"1":{"loc":{"start":{"line":27,"column":4},"end":{"line":27,"column":59}},"type":"if","locations":[{"start":{"line":27,"column":4},"end":{"line":27,"column":59}},{"start":{},"end":{}}],"line":27},"2":{"loc":{"start":{"line":28,"column":4},"end":{"line":28,"column":75}},"type":"if","locations":[{"start":{"line":28,"column":4},"end":{"line":28,"column":75}},{"start":{},"end":{}}],"line":28},"3":{"loc":{"start":{"line":29,"column":4},"end":{"line":29,"column":78}},"type":"if","locations":[{"start":{"line":29,"column":4},"end":{"line":29,"column":78}},{"start":{},"end":{}}],"line":29},"4":{"loc":{"start":{"line":34,"column":4},"end":{"line":34,"column":59}},"type":"if","locations":[{"start":{"line":34,"column":4},"end":{"line":34,"column":59}},{"start":{},"end":{}}],"line":34}},"s":{"0":3,"1":3,"2":3,"3":3,"4":3,"5":2,"6":3,"7":8,"8":15,"9":8,"10":2,"11":6,"12":3,"13":1,"14":1,"15":3,"16":2,"17":5,"18":2,"19":1,"20":1,"21":1,"22":1,"23":1,"24":3,"25":2,"26":4,"27":2,"28":1,"29":1,"30":3},"f":{"0":2,"1":8,"2":15,"3":1,"4":2,"5":5,"6":2,"7":4},"b":{"0":[2,6],"1":[1,1],"2":[1,0],"3":[1,0],"4":[1,1]},"_coverageSchema":"1a1c01bbd47fc00a2c39e90264f33305004495a9","hash":"7f4d29321642da80444bed387b862b9355facac6"}
,"/Users/nitiponapaisri/Documents/projects/store-api/models/users.js": {"path":"/Users/nitiponapaisri/Documents/projects/store-api/models/users.js","statementMap":{"0":{"start":{"line":1,"column":21},"end":{"line":1,"column":49}},"1":{"start":{"line":2,"column":23},"end":{"line":2,"column":38}},"2":{"start":{"line":3,"column":27},"end":{"line":3,"column":57}},"3":{"start":{"line":5,"column":17},"end":{"line":5,"column":34}},"4":{"start":{"line":7,"column":20},"end":{"line":9,"column":1}},"5":{"start":{"line":8,"column":4},"end":{"line":8,"column":20}},"6":{"start":{"line":11,"column":20},"end":{"line":15,"column":1}},"7":{"start":{"line":12,"column":21},"end":{"line":12,"column":63}},"8":{"start":{"line":12,"column":45},"end":{"line":12,"column":62}},"9":{"start":{"line":13,"column":4},"end":{"line":13,"column":58}},"10":{"start":{"line":13,"column":31},"end":{"line":13,"column":58}},"11":{"start":{"line":14,"column":4},"end":{"line":14,"column":20}},"12":{"start":{"line":17,"column":17},"end":{"line":23,"column":1}},"13":{"start":{"line":18,"column":17},"end":{"line":21,"column":5}},"14":{"start":{"line":22,"column":4},"end":{"line":22,"column":24}},"15":{"start":{"line":25,"column":23},"end":{"line":31,"column":1}},"16":{"start":{"line":26,"column":22},"end":{"line":26,"column":68}},"17":{"start":{"line":26,"column":51},"end":{"line":26,"column":67}},"18":{"start":{"line":27,"column":4},"end":{"line":29,"column":5}},"19":{"start":{"line":28,"column":8},"end":{"line":28,"column":35}},"20":{"start":{"line":30,"column":4},"end":{"line":30,"column":34}},"21":{"start":{"line":33,"column":0},"end":{"line":38,"column":2}}},"fnMap":{"0":{"name":"(anonymous_0)","decl":{"start":{"line":7,"column":20},"end":{"line":7,"column":21}},"loc":{"start":{"line":7,"column":26},"end":{"line":9,"column":1}},"line":7},"1":{"name":"(anonymous_1)","decl":{"start":{"line":11,"column":20},"end":{"line":11,"column":21}},"loc":{"start":{"line":11,"column":28},"end":{"line":15,"column":1}},"line":11},"2":{"name":"(anonymous_2)","decl":{"start":{"line":12,"column":35},"end":{"line":12,"column":36}},"loc":{"start":{"line":12,"column":45},"end":{"line":12,"column":62}},"line":12},"3":{"name":"(anonymous_3)","decl":{"start":{"line":17,"column":17},"end":{"line":17,"column":18}},"loc":{"start":{"line":17,"column":27},"end":{"line":23,"column":1}},"line":17},"4":{"name":"(anonymous_4)","decl":{"start":{"line":25,"column":23},"end":{"line":25,"column":24}},"loc":{"start":{"line":25,"column":31},"end":{"line":31,"column":1}},"line":25},"5":{"name":"(anonymous_5)","decl":{"start":{"line":26,"column":41},"end":{"line":26,"column":42}},"loc":{"start":{"line":26,"column":51},"end":{"line":26,"column":67}},"line":26}},"branchMap":{"0":{"loc":{"start":{"line":13,"column":4},"end":{"line":13,"column":58}},"type":"if","locations":[{"start":{"line":13,"column":4},"end":{"line":13,"column":58}},{"start":{},"end":{}}],"line":13},"1":{"loc":{"start":{"line":27,"column":4},"end":{"line":29,"column":5}},"type":"if","locations":[{"start":{"line":27,"column":4},"end":{"line":29,"column":5}},{"start":{},"end":{}}],"line":27}},"s":{"0":3,"1":3,"2":3,"3":3,"4":3,"5":2,"6":3,"7":7,"8":14,"9":7,"10":2,"11":5,"12":3,"13":1,"14":1,"15":3,"16":2,"17":5,"18":2,"19":1,"20":1,"21":3},"f":{"0":2,"1":7,"2":14,"3":1,"4":2,"5":5},"b":{"0":[2,5],"1":[1,1]},"_coverageSchema":"1a1c01bbd47fc00a2c39e90264f33305004495a9","hash":"ff912d50b0547f0e449c3e8e0d54fc8e5123d8e3"}
,"/Users/nitiponapaisri/Documents/projects/store-api/routes/carts.js": {"path":"/Users/nitiponapaisri/Documents/projects/store-api/routes/carts.js","statementMap":{"0":{"start":{"line":1,"column":19},"end":{"line":1,"column":37}},"1":{"start":{"line":2,"column":15},"end":{"line":2,"column":27}},"2":{"start":{"line":4,"column":16},"end":{"line":4,"column":39}},"3":{"start":{"line":6,"column":0},"end":{"line":6,"column":53}},"4":{"start":{"line":7,"column":0},"end":{"line":7,"column":56}},"5":{"start":{"line":8,"column":0},"end":{"line":8,"column":64}},"6":{"start":{"line":9,"column":0},"end":{"line":9,"column":69}},"7":{"start":{"line":11,"column":0},"end":{"line":11,"column":24}}},"fnMap":{},"branchMap":{},"s":{"0":3,"1":3,"2":3,"3":3,"4":3,"5":3,"6":3,"7":3},"f":{},"b":{},"_coverageSchema":"1a1c01bbd47fc00a2c39e90264f33305004495a9","hash":"371f96dc3200e4513d381fd0f3869e644a5fcb15"}
,"/Users/nitiponapaisri/Documents/projects/store-api/routes/products.js": {"path":"/Users/nitiponapaisri/Documents/projects/store-api/routes/products.js","statementMap":{"0":{"start":{"line":1,"column":19},"end":{"line":1,"column":37}},"1":{"start":{"line":2,"column":15},"end":{"line":2,"column":27}},"2":{"start":{"line":4,"column":19},"end":{"line":4,"column":45}},"3":{"start":{"line":6,"column":0},"end":{"line":6,"column":51}},"4":{"start":{"line":7,"column":0},"end":{"line":7,"column":55}},"5":{"start":{"line":8,"column":0},"end":{"line":8,"column":49}},"6":{"start":{"line":9,"column":0},"end":{"line":9,"column":56}},"7":{"start":{"line":10,"column":0},"end":{"line":10,"column":61}},"8":{"start":{"line":12,"column":0},"end":{"line":12,"column":24}}},"fnMap":{},"branchMap":{},"s":{"0":3,"1":3,"2":3,"3":3,"4":3,"5":3,"6":3,"7":3,"8":3},"f":{},"b":{},"_coverageSchema":"1a1c01bbd47fc00a2c39e90264f33305004495a9","hash":"7d951fe89c6bab8e05a6370285aaa659ddfdfbb7"}
,"/Users/nitiponapaisri/Documents/projects/store-api/routes/users.js": {"path":"/Users/nitiponapaisri/Documents/projects/store-api/routes/users.js","statementMap":{"0":{"start":{"line":1,"column":19},"end":{"line":1,"column":37}},"1":{"start":{"line":2,"column":15},"end":{"line":2,"column":27}},"2":{"start":{"line":4,"column":16},"end":{"line":4,"column":39}},"3":{"start":{"line":6,"column":0},"end":{"line":6,"column":41}},"4":{"start":{"line":7,"column":0},"end":{"line":7,"column":45}},"5":{"start":{"line":8,"column":0},"end":{"line":8,"column":44}},"6":{"start":{"line":9,"column":0},"end":{"line":9,"column":51}},"7":{"start":{"line":11,"column":0},"end":{"line":11,"column":23}}},"fnMap":{},"branchMap":{},"s":{"0":3,"1":3,"2":3,"3":3,"4":3,"5":3,"6":3,"7":3},"f":{},"b":{},"_coverageSchema":"1a1c01bbd47fc00a2c39e90264f33305004495a9","hash":"9edf070a589e9286968818d29d4f0a9a5d473b47"}
}
