{"/mnt/c/Users/Vhiktor/Desktop/Programmering/Designprinciper/design-p-01-node/index.js": {"path":"/mnt/c/Users/Vhiktor/Desktop/Programmering/Designprinciper/design-p-01-node/index.js","statementMap":{"0":{"start":{"line":1,"column":16},"end":{"line":1,"column":34}},"1":{"start":{"line":3,"column":12},"end":{"line":3,"column":21}},"2":{"start":{"line":4,"column":23},"end":{"line":4,"column":51}},"3":{"start":{"line":5,"column":20},"end":{"line":5,"column":45}},"4":{"start":{"line":6,"column":20},"end":{"line":6,"column":45}},"5":{"start":{"line":7,"column":15},"end":{"line":7,"column":45}},"6":{"start":{"line":8,"column":21},"end":{"line":8,"column":57}},"7":{"start":{"line":10,"column":0},"end":{"line":10,"column":24}},"8":{"start":{"line":11,"column":0},"end":{"line":11,"column":16}},"9":{"start":{"line":12,"column":0},"end":{"line":12,"column":32}},"10":{"start":{"line":13,"column":0},"end":{"line":13,"column":29}},"11":{"start":{"line":14,"column":0},"end":{"line":14,"column":29}},"12":{"start":{"line":15,"column":0},"end":{"line":15,"column":22}},"13":{"start":{"line":17,"column":0},"end":{"line":17,"column":21}}},"fnMap":{},"branchMap":{},"s":{"0":3,"1":3,"2":3,"3":3,"4":3,"5":3,"6":3,"7":3,"8":3,"9":3,"10":3,"11":3,"12":3,"13":3},"f":{},"b":{},"_coverageSchema":"1a1c01bbd47fc00a2c39e90264f33305004495a9","hash":"d8cbe66a99ab657b665f478dde97a0a434037388"}
,"/mnt/c/Users/Vhiktor/Desktop/Programmering/Designprinciper/design-p-01-node/utils.js": {"path":"/mnt/c/Users/Vhiktor/Desktop/Programmering/Designprinciper/design-p-01-node/utils.js","statementMap":{"0":{"start":{"line":1,"column":26},"end":{"line":1,"column":52}},"1":{"start":{"line":3,"column":22},"end":{"line":7,"column":1}},"2":{"start":{"line":4,"column":4},"end":{"line":6,"column":5}},"3":{"start":{"line":5,"column":8},"end":{"line":5,"column":34}},"4":{"start":{"line":9,"column":0},"end":{"line":9,"column":35}}},"fnMap":{"0":{"name":"(anonymous_0)","decl":{"start":{"line":3,"column":22},"end":{"line":3,"column":23}},"loc":{"start":{"line":3,"column":39},"end":{"line":7,"column":1}},"line":3}},"branchMap":{"0":{"loc":{"start":{"line":4,"column":4},"end":{"line":6,"column":5}},"type":"if","locations":[{"start":{"line":4,"column":4},"end":{"line":6,"column":5}},{"start":{},"end":{}}],"line":4},"1":{"loc":{"start":{"line":4,"column":8},"end":{"line":4,"column":61}},"type":"binary-expr","locations":[{"start":{"line":4,"column":8},"end":{"line":4,"column":32}},{"start":{"line":4,"column":36},"end":{"line":4,"column":61}}],"line":4}},"s":{"0":3,"1":3,"2":4,"3":2,"4":3},"f":{"0":4},"b":{"0":[2,2],"1":[4,2]},"_coverageSchema":"1a1c01bbd47fc00a2c39e90264f33305004495a9","hash":"5cfd5a159a3e38db86b5d5ba401ccd88aca72ac9"}
,"/mnt/c/Users/Vhiktor/Desktop/Programmering/Designprinciper/design-p-01-node/api/carts.js": {"path":"/mnt/c/Users/Vhiktor/Desktop/Programmering/Designprinciper/design-p-01-node/api/carts.js","statementMap":{"0":{"start":{"line":1,"column":19},"end":{"line":1,"column":45}},"1":{"start":{"line":3,"column":20},"end":{"line":3,"column":48}},"2":{"start":{"line":5,"column":22},"end":{"line":5,"column":50}},"3":{"start":{"line":7,"column":23},"end":{"line":7,"column":51}},"4":{"start":{"line":9,"column":25},"end":{"line":9,"column":53}},"5":{"start":{"line":11,"column":0},"end":{"line":16,"column":1}}},"fnMap":{"0":{"name":"(anonymous_0)","decl":{"start":{"line":3,"column":20},"end":{"line":3,"column":21}},"loc":{"start":{"line":3,"column":46},"end":{"line":3,"column":48}},"line":3},"1":{"name":"(anonymous_1)","decl":{"start":{"line":5,"column":22},"end":{"line":5,"column":23}},"loc":{"start":{"line":5,"column":48},"end":{"line":5,"column":50}},"line":5},"2":{"name":"(anonymous_2)","decl":{"start":{"line":7,"column":23},"end":{"line":7,"column":24}},"loc":{"start":{"line":7,"column":49},"end":{"line":7,"column":51}},"line":7},"3":{"name":"(anonymous_3)","decl":{"start":{"line":9,"column":25},"end":{"line":9,"column":26}},"loc":{"start":{"line":9,"column":51},"end":{"line":9,"column":53}},"line":9}},"branchMap":{},"s":{"0":3,"1":3,"2":3,"3":3,"4":3,"5":3},"f":{"0":0,"1":0,"2":0,"3":0},"b":{},"_coverageSchema":"1a1c01bbd47fc00a2c39e90264f33305004495a9","hash":"13ea382ee04891185ae59db8462206df40ec9c87"}
,"/mnt/c/Users/Vhiktor/Desktop/Programmering/Designprinciper/design-p-01-node/api/products.js": {"path":"/mnt/c/Users/Vhiktor/Desktop/Programmering/Designprinciper/design-p-01-node/api/products.js","statementMap":{"0":{"start":{"line":1,"column":22},"end":{"line":1,"column":51}},"1":{"start":{"line":2,"column":26},"end":{"line":2,"column":45}},"2":{"start":{"line":8,"column":4},"end":{"line":8,"column":34}},"3":{"start":{"line":10,"column":23},"end":{"line":19,"column":1}},"4":{"start":{"line":11,"column":4},"end":{"line":18,"column":5}},"5":{"start":{"line":12,"column":25},"end":{"line":12,"column":55}},"6":{"start":{"line":13,"column":8},"end":{"line":15,"column":11}},"7":{"start":{"line":17,"column":8},"end":{"line":17,"column":18}},"8":{"start":{"line":21,"column":23},"end":{"line":31,"column":1}},"9":{"start":{"line":22,"column":19},"end":{"line":22,"column":29}},"10":{"start":{"line":23,"column":4},"end":{"line":30,"column":5}},"11":{"start":{"line":24,"column":24},"end":{"line":24,"column":56}},"12":{"start":{"line":25,"column":8},"end":{"line":27,"column":11}},"13":{"start":{"line":29,"column":8},"end":{"line":29,"column":18}},"14":{"start":{"line":33,"column":20},"end":{"line":45,"column":1}},"15":{"start":{"line":34,"column":28},"end":{"line":34,"column":36}},"16":{"start":{"line":35,"column":4},"end":{"line":44,"column":5}},"17":{"start":{"line":36,"column":8},"end":{"line":36,"column":35}},"18":{"start":{"line":37,"column":8},"end":{"line":37,"column":86}},"19":{"start":{"line":37,"column":55},"end":{"line":37,"column":86}},"20":{"start":{"line":38,"column":8},"end":{"line":38,"column":47}},"21":{"start":{"line":39,"column":8},"end":{"line":41,"column":11}},"22":{"start":{"line":43,"column":8},"end":{"line":43,"column":18}},"23":{"start":{"line":47,"column":24},"end":{"line":59,"column":1}},"24":{"start":{"line":48,"column":19},"end":{"line":48,"column":29}},"25":{"start":{"line":49,"column":28},"end":{"line":49,"column":36}},"26":{"start":{"line":50,"column":4},"end":{"line":50,"column":31}},"27":{"start":{"line":51,"column":4},"end":{"line":58,"column":5}},"28":{"start":{"line":52,"column":24},"end":{"line":52,"column":70}},"29":{"start":{"line":53,"column":8},"end":{"line":55,"column":11}},"30":{"start":{"line":57,"column":8},"end":{"line":57,"column":18}},"31":{"start":{"line":61,"column":26},"end":{"line":71,"column":1}},"32":{"start":{"line":62,"column":19},"end":{"line":62,"column":29}},"33":{"start":{"line":63,"column":4},"end":{"line":70,"column":5}},"34":{"start":{"line":64,"column":8},"end":{"line":64,"column":44}},"35":{"start":{"line":65,"column":8},"end":{"line":67,"column":11}},"36":{"start":{"line":69,"column":8},"end":{"line":69,"column":18}},"37":{"start":{"line":73,"column":0},"end":{"line":79,"column":2}}},"fnMap":{"0":{"name":"(anonymous_0)","decl":{"start":{"line":10,"column":23},"end":{"line":10,"column":24}},"loc":{"start":{"line":10,"column":49},"end":{"line":19,"column":1}},"line":10},"1":{"name":"(anonymous_1)","decl":{"start":{"line":21,"column":23},"end":{"line":21,"column":24}},"loc":{"start":{"line":21,"column":49},"end":{"line":31,"column":1}},"line":21},"2":{"name":"(anonymous_2)","decl":{"start":{"line":33,"column":20},"end":{"line":33,"column":21}},"loc":{"start":{"line":33,"column":46},"end":{"line":45,"column":1}},"line":33},"3":{"name":"(anonymous_3)","decl":{"start":{"line":47,"column":24},"end":{"line":47,"column":25}},"loc":{"start":{"line":47,"column":50},"end":{"line":59,"column":1}},"line":47},"4":{"name":"(anonymous_4)","decl":{"start":{"line":61,"column":26},"end":{"line":61,"column":27}},"loc":{"start":{"line":61,"column":52},"end":{"line":71,"column":1}},"line":61}},"branchMap":{"0":{"loc":{"start":{"line":37,"column":8},"end":{"line":37,"column":86}},"type":"if","locations":[{"start":{"line":37,"column":8},"end":{"line":37,"column":86}},{"start":{},"end":{}}],"line":37},"1":{"loc":{"start":{"line":37,"column":12},"end":{"line":37,"column":53}},"type":"binary-expr","locations":[{"start":{"line":37,"column":12},"end":{"line":37,"column":30}},{"start":{"line":37,"column":34},"end":{"line":37,"column":53}}],"line":37}},"s":{"0":3,"1":3,"2":3,"3":3,"4":2,"5":2,"6":2,"7":0,"8":3,"9":2,"10":2,"11":2,"12":1,"13":1,"14":3,"15":3,"16":3,"17":3,"18":1,"19":0,"20":1,"21":1,"22":2,"23":3,"24":1,"25":1,"26":1,"27":1,"28":1,"29":0,"30":1,"31":3,"32":1,"33":1,"34":1,"35":0,"36":1,"37":3},"f":{"0":2,"1":2,"2":3,"3":1,"4":1},"b":{"0":[0,1],"1":[1,1]},"_coverageSchema":"1a1c01bbd47fc00a2c39e90264f33305004495a9","hash":"4eb2a7e3fb7dfc12eff8c21cecc7d3531526d58b"}
,"/mnt/c/Users/Vhiktor/Desktop/Programmering/Designprinciper/design-p-01-node/api/users.js": {"path":"/mnt/c/Users/Vhiktor/Desktop/Programmering/Designprinciper/design-p-01-node/api/users.js","statementMap":{"0":{"start":{"line":1,"column":19},"end":{"line":1,"column":45}},"1":{"start":{"line":2,"column":23},"end":{"line":2,"column":38}},"2":{"start":{"line":3,"column":37},"end":{"line":3,"column":67}},"3":{"start":{"line":5,"column":20},"end":{"line":14,"column":1}},"4":{"start":{"line":6,"column":2},"end":{"line":13,"column":3}},"5":{"start":{"line":7,"column":18},"end":{"line":7,"column":42}},"6":{"start":{"line":8,"column":4},"end":{"line":10,"column":7}},"7":{"start":{"line":12,"column":4},"end":{"line":12,"column":13}},"8":{"start":{"line":16,"column":20},"end":{"line":26,"column":1}},"9":{"start":{"line":17,"column":19},"end":{"line":17,"column":29}},"10":{"start":{"line":18,"column":4},"end":{"line":25,"column":5}},"11":{"start":{"line":19,"column":19},"end":{"line":19,"column":45}},"12":{"start":{"line":20,"column":6},"end":{"line":22,"column":8}},"13":{"start":{"line":24,"column":6},"end":{"line":24,"column":15}},"14":{"start":{"line":28,"column":22},"end":{"line":41,"column":1}},"15":{"start":{"line":29,"column":21},"end":{"line":29,"column":29}},"16":{"start":{"line":31,"column":18},"end":{"line":31,"column":26}},"17":{"start":{"line":32,"column":4},"end":{"line":40,"column":5}},"18":{"start":{"line":33,"column":6},"end":{"line":33,"column":59}},"19":{"start":{"line":33,"column":28},"end":{"line":33,"column":59}},"20":{"start":{"line":34,"column":6},"end":{"line":34,"column":38}},"21":{"start":{"line":35,"column":6},"end":{"line":37,"column":8}},"22":{"start":{"line":39,"column":6},"end":{"line":39,"column":15}},"23":{"start":{"line":43,"column":23},"end":{"line":53,"column":1}},"24":{"start":{"line":44,"column":19},"end":{"line":44,"column":29}},"25":{"start":{"line":45,"column":4},"end":{"line":52,"column":5}},"26":{"start":{"line":46,"column":6},"end":{"line":46,"column":35}},"27":{"start":{"line":47,"column":6},"end":{"line":49,"column":8}},"28":{"start":{"line":51,"column":6},"end":{"line":51,"column":15}},"29":{"start":{"line":55,"column":0},"end":{"line":60,"column":1}}},"fnMap":{"0":{"name":"(anonymous_0)","decl":{"start":{"line":5,"column":20},"end":{"line":5,"column":21}},"loc":{"start":{"line":5,"column":46},"end":{"line":14,"column":1}},"line":5},"1":{"name":"(anonymous_1)","decl":{"start":{"line":16,"column":20},"end":{"line":16,"column":21}},"loc":{"start":{"line":16,"column":46},"end":{"line":26,"column":1}},"line":16},"2":{"name":"(anonymous_2)","decl":{"start":{"line":28,"column":22},"end":{"line":28,"column":23}},"loc":{"start":{"line":28,"column":48},"end":{"line":41,"column":1}},"line":28},"3":{"name":"(anonymous_3)","decl":{"start":{"line":43,"column":23},"end":{"line":43,"column":24}},"loc":{"start":{"line":43,"column":49},"end":{"line":53,"column":1}},"line":43}},"branchMap":{"0":{"loc":{"start":{"line":33,"column":6},"end":{"line":33,"column":59}},"type":"if","locations":[{"start":{"line":33,"column":6},"end":{"line":33,"column":59}},{"start":{},"end":{}}],"line":33}},"s":{"0":3,"1":3,"2":3,"3":3,"4":1,"5":1,"6":1,"7":0,"8":3,"9":1,"10":1,"11":1,"12":0,"13":1,"14":3,"15":1,"16":1,"17":1,"18":1,"19":1,"20":0,"21":0,"22":1,"23":3,"24":0,"25":0,"26":0,"27":0,"28":0,"29":3},"f":{"0":1,"1":1,"2":1,"3":0},"b":{"0":[1,0]},"_coverageSchema":"1a1c01bbd47fc00a2c39e90264f33305004495a9","hash":"ed2e8f6f5dd787737d4634db3e282d3e4318bf2d"}
,"/mnt/c/Users/Vhiktor/Desktop/Programmering/Designprinciper/design-p-01-node/db/database.js": {"path":"/mnt/c/Users/Vhiktor/Desktop/Programmering/Designprinciper/design-p-01-node/db/database.js","statementMap":{"0":{"start":{"line":1,"column":17},"end":{"line":55,"column":1}},"1":{"start":{"line":56,"column":0},"end":{"line":56,"column":30}}},"fnMap":{},"branchMap":{},"s":{"0":3,"1":3},"f":{},"b":{},"_coverageSchema":"1a1c01bbd47fc00a2c39e90264f33305004495a9","hash":"0e5fa41db0c31632acdf9a6a1d510c40e1a590d4"}
,"/mnt/c/Users/Vhiktor/Desktop/Programmering/Designprinciper/design-p-01-node/errors/errors.js": {"path":"/mnt/c/Users/Vhiktor/Desktop/Programmering/Designprinciper/design-p-01-node/errors/errors.js","statementMap":{"0":{"start":{"line":6,"column":6},"end":{"line":6,"column":13}},"1":{"start":{"line":7,"column":6},"end":{"line":7,"column":42}},"2":{"start":{"line":8,"column":6},"end":{"line":8,"column":26}},"3":{"start":{"line":14,"column":4},"end":{"line":14,"column":11}},"4":{"start":{"line":15,"column":4},"end":{"line":15,"column":46}},"5":{"start":{"line":16,"column":4},"end":{"line":16,"column":24}},"6":{"start":{"line":21,"column":4},"end":{"line":21,"column":11}},"7":{"start":{"line":22,"column":4},"end":{"line":22,"column":51}},"8":{"start":{"line":23,"column":4},"end":{"line":23,"column":24}},"9":{"start":{"line":31,"column":4},"end":{"line":31,"column":11}},"10":{"start":{"line":32,"column":4},"end":{"line":32,"column":39}},"11":{"start":{"line":33,"column":4},"end":{"line":33,"column":24}},"12":{"start":{"line":39,"column":4},"end":{"line":39,"column":11}},"13":{"start":{"line":40,"column":4},"end":{"line":40,"column":24}},"14":{"start":{"line":41,"column":4},"end":{"line":41,"column":69}},"15":{"start":{"line":42,"column":4},"end":{"line":42,"column":24}},"16":{"start":{"line":48,"column":0},"end":{"line":55,"column":3}}},"fnMap":{"0":{"name":"(anonymous_0)","decl":{"start":{"line":5,"column":2},"end":{"line":5,"column":3}},"loc":{"start":{"line":5,"column":15},"end":{"line":9,"column":3}},"line":5},"1":{"name":"(anonymous_1)","decl":{"start":{"line":13,"column":2},"end":{"line":13,"column":3}},"loc":{"start":{"line":13,"column":15},"end":{"line":17,"column":3}},"line":13},"2":{"name":"(anonymous_2)","decl":{"start":{"line":20,"column":2},"end":{"line":20,"column":3}},"loc":{"start":{"line":20,"column":15},"end":{"line":24,"column":3}},"line":20},"3":{"name":"(anonymous_3)","decl":{"start":{"line":30,"column":2},"end":{"line":30,"column":3}},"loc":{"start":{"line":30,"column":15},"end":{"line":34,"column":3}},"line":30},"4":{"name":"(anonymous_4)","decl":{"start":{"line":38,"column":2},"end":{"line":38,"column":3}},"loc":{"start":{"line":38,"column":22},"end":{"line":43,"column":3}},"line":38}},"branchMap":{},"s":{"0":0,"1":0,"2":0,"3":3,"4":3,"5":3,"6":2,"7":2,"8":2,"9":1,"10":1,"11":1,"12":1,"13":1,"14":1,"15":1,"16":3},"f":{"0":0,"1":3,"2":2,"3":1,"4":1},"b":{},"_coverageSchema":"1a1c01bbd47fc00a2c39e90264f33305004495a9","hash":"9134fc0294686dced2e24dc99195128fa40ca739"}
,"/mnt/c/Users/Vhiktor/Desktop/Programmering/Designprinciper/design-p-01-node/middleware/errorHandler.js": {"path":"/mnt/c/Users/Vhiktor/Desktop/Programmering/Designprinciper/design-p-01-node/middleware/errorHandler.js","statementMap":{"0":{"start":{"line":1,"column":29},"end":{"line":1,"column":59}},"1":{"start":{"line":4,"column":4},"end":{"line":8,"column":5}},"2":{"start":{"line":5,"column":8},"end":{"line":5,"column":67}},"3":{"start":{"line":7,"column":8},"end":{"line":7,"column":64}},"4":{"start":{"line":11,"column":0},"end":{"line":11,"column":30}}},"fnMap":{"0":{"name":"errorHandler","decl":{"start":{"line":3,"column":9},"end":{"line":3,"column":21}},"loc":{"start":{"line":3,"column":45},"end":{"line":9,"column":1}},"line":3}},"branchMap":{"0":{"loc":{"start":{"line":4,"column":4},"end":{"line":8,"column":5}},"type":"if","locations":[{"start":{"line":4,"column":4},"end":{"line":8,"column":5}},{"start":{"line":6,"column":11},"end":{"line":8,"column":5}}],"line":4}},"s":{"0":3,"1":7,"2":7,"3":0,"4":3},"f":{"0":7},"b":{"0":[7,0]},"_coverageSchema":"1a1c01bbd47fc00a2c39e90264f33305004495a9","hash":"7c6d354750a05aefd80acf207d454e32dfcca633"}
,"/mnt/c/Users/Vhiktor/Desktop/Programmering/Designprinciper/design-p-01-node/middleware/logger.js": {"path":"/mnt/c/Users/Vhiktor/Desktop/Programmering/Designprinciper/design-p-01-node/middleware/logger.js","statementMap":{"0":{"start":{"line":1,"column":15},"end":{"line":4,"column":1}},"1":{"start":{"line":2,"column":4},"end":{"line":2,"column":47}},"2":{"start":{"line":3,"column":4},"end":{"line":3,"column":11}},"3":{"start":{"line":6,"column":0},"end":{"line":6,"column":24}}},"fnMap":{"0":{"name":"(anonymous_0)","decl":{"start":{"line":1,"column":15},"end":{"line":1,"column":16}},"loc":{"start":{"line":1,"column":35},"end":{"line":4,"column":1}},"line":1}},"branchMap":{},"s":{"0":3,"1":14,"2":14,"3":3},"f":{"0":14},"b":{},"_coverageSchema":"1a1c01bbd47fc00a2c39e90264f33305004495a9","hash":"0c8ceae9db8d7a42be06e5ca80be0757fe6bb0ec"}
,"/mnt/c/Users/Vhiktor/Desktop/Programmering/Designprinciper/design-p-01-node/models/carts.js": {"path":"/mnt/c/Users/Vhiktor/Desktop/Programmering/Designprinciper/design-p-01-node/models/carts.js","statementMap":{"0":{"start":{"line":1,"column":21},"end":{"line":1,"column":49}},"1":{"start":{"line":3,"column":20},"end":{"line":3,"column":28}},"2":{"start":{"line":5,"column":22},"end":{"line":5,"column":30}},"3":{"start":{"line":7,"column":23},"end":{"line":7,"column":31}},"4":{"start":{"line":9,"column":25},"end":{"line":9,"column":35}},"5":{"start":{"line":11,"column":0},"end":{"line":16,"column":1}}},"fnMap":{"0":{"name":"(anonymous_0)","decl":{"start":{"line":3,"column":20},"end":{"line":3,"column":21}},"loc":{"start":{"line":3,"column":26},"end":{"line":3,"column":28}},"line":3},"1":{"name":"(anonymous_1)","decl":{"start":{"line":5,"column":22},"end":{"line":5,"column":23}},"loc":{"start":{"line":5,"column":28},"end":{"line":5,"column":30}},"line":5},"2":{"name":"(anonymous_2)","decl":{"start":{"line":7,"column":23},"end":{"line":7,"column":24}},"loc":{"start":{"line":7,"column":29},"end":{"line":7,"column":31}},"line":7},"3":{"name":"(anonymous_3)","decl":{"start":{"line":9,"column":25},"end":{"line":9,"column":26}},"loc":{"start":{"line":9,"column":33},"end":{"line":9,"column":35}},"line":9}},"branchMap":{},"s":{"0":3,"1":3,"2":3,"3":3,"4":3,"5":3},"f":{"0":0,"1":0,"2":0,"3":0},"b":{},"_coverageSchema":"1a1c01bbd47fc00a2c39e90264f33305004495a9","hash":"e51642105bb25111766f4353d8622b7111e94f25"}
,"/mnt/c/Users/Vhiktor/Desktop/Programmering/Designprinciper/design-p-01-node/models/products.js": {"path":"/mnt/c/Users/Vhiktor/Desktop/Programmering/Designprinciper/design-p-01-node/models/products.js","statementMap":{"0":{"start":{"line":1,"column":21},"end":{"line":1,"column":49}},"1":{"start":{"line":2,"column":23},"end":{"line":2,"column":38}},"2":{"start":{"line":3,"column":31},"end":{"line":3,"column":61}},"3":{"start":{"line":4,"column":20},"end":{"line":4,"column":22}},"4":{"start":{"line":5,"column":0},"end":{"line":5,"column":57}},"5":{"start":{"line":5,"column":36},"end":{"line":5,"column":55}},"6":{"start":{"line":7,"column":23},"end":{"line":9,"column":1}},"7":{"start":{"line":8,"column":4},"end":{"line":8,"column":23}},"8":{"start":{"line":11,"column":23},"end":{"line":15,"column":1}},"9":{"start":{"line":12,"column":20},"end":{"line":12,"column":61}},"10":{"start":{"line":12,"column":47},"end":{"line":12,"column":60}},"11":{"start":{"line":13,"column":4},"end":{"line":13,"column":59}},"12":{"start":{"line":13,"column":29},"end":{"line":13,"column":59}},"13":{"start":{"line":14,"column":4},"end":{"line":14,"column":19}},"14":{"start":{"line":17,"column":20},"end":{"line":24,"column":1}},"15":{"start":{"line":18,"column":20},"end":{"line":22,"column":5}},"16":{"start":{"line":23,"column":4},"end":{"line":23,"column":30}},"17":{"start":{"line":26,"column":24},"end":{"line":36,"column":1}},"18":{"start":{"line":27,"column":25},"end":{"line":33,"column":6}},"19":{"start":{"line":28,"column":8},"end":{"line":32,"column":9}},"20":{"start":{"line":29,"column":12},"end":{"line":29,"column":24}},"21":{"start":{"line":31,"column":12},"end":{"line":31,"column":43}},"22":{"start":{"line":34,"column":4},"end":{"line":34,"column":66}},"23":{"start":{"line":34,"column":28},"end":{"line":34,"column":66}},"24":{"start":{"line":35,"column":4},"end":{"line":35,"column":69}},"25":{"start":{"line":35,"column":29},"end":{"line":35,"column":69}},"26":{"start":{"line":38,"column":26},"end":{"line":47,"column":1}},"27":{"start":{"line":39,"column":25},"end":{"line":45,"column":6}},"28":{"start":{"line":40,"column":8},"end":{"line":44,"column":9}},"29":{"start":{"line":41,"column":12},"end":{"line":41,"column":24}},"30":{"start":{"line":43,"column":12},"end":{"line":43,"column":43}},"31":{"start":{"line":46,"column":4},"end":{"line":46,"column":40}},"32":{"start":{"line":49,"column":0},"end":{"line":55,"column":2}}},"fnMap":{"0":{"name":"(anonymous_0)","decl":{"start":{"line":5,"column":29},"end":{"line":5,"column":30}},"loc":{"start":{"line":5,"column":36},"end":{"line":5,"column":55}},"line":5},"1":{"name":"(anonymous_1)","decl":{"start":{"line":7,"column":23},"end":{"line":7,"column":24}},"loc":{"start":{"line":7,"column":29},"end":{"line":9,"column":1}},"line":7},"2":{"name":"(anonymous_2)","decl":{"start":{"line":11,"column":23},"end":{"line":11,"column":24}},"loc":{"start":{"line":11,"column":31},"end":{"line":15,"column":1}},"line":11},"3":{"name":"(anonymous_3)","decl":{"start":{"line":12,"column":37},"end":{"line":12,"column":38}},"loc":{"start":{"line":12,"column":47},"end":{"line":12,"column":60}},"line":12},"4":{"name":"(anonymous_4)","decl":{"start":{"line":17,"column":20},"end":{"line":17,"column":21}},"loc":{"start":{"line":17,"column":37},"end":{"line":24,"column":1}},"line":17},"5":{"name":"(anonymous_5)","decl":{"start":{"line":26,"column":24},"end":{"line":26,"column":25}},"loc":{"start":{"line":26,"column":45},"end":{"line":36,"column":1}},"line":26},"6":{"name":"(anonymous_6)","decl":{"start":{"line":27,"column":47},"end":{"line":27,"column":48}},"loc":{"start":{"line":27,"column":57},"end":{"line":33,"column":5}},"line":27},"7":{"name":"(anonymous_7)","decl":{"start":{"line":38,"column":26},"end":{"line":38,"column":27}},"loc":{"start":{"line":38,"column":34},"end":{"line":47,"column":1}},"line":38},"8":{"name":"(anonymous_8)","decl":{"start":{"line":39,"column":47},"end":{"line":39,"column":48}},"loc":{"start":{"line":39,"column":57},"end":{"line":45,"column":5}},"line":39}},"branchMap":{"0":{"loc":{"start":{"line":13,"column":4},"end":{"line":13,"column":59}},"type":"if","locations":[{"start":{"line":13,"column":4},"end":{"line":13,"column":59}},{"start":{},"end":{}}],"line":13},"1":{"loc":{"start":{"line":28,"column":8},"end":{"line":32,"column":9}},"type":"if","locations":[{"start":{"line":28,"column":8},"end":{"line":32,"column":9}},{"start":{"line":30,"column":15},"end":{"line":32,"column":9}}],"line":28},"2":{"loc":{"start":{"line":34,"column":4},"end":{"line":34,"column":66}},"type":"if","locations":[{"start":{"line":34,"column":4},"end":{"line":34,"column":66}},{"start":{},"end":{}}],"line":34},"3":{"loc":{"start":{"line":35,"column":4},"end":{"line":35,"column":69}},"type":"if","locations":[{"start":{"line":35,"column":4},"end":{"line":35,"column":69}},{"start":{},"end":{}}],"line":35},"4":{"loc":{"start":{"line":40,"column":8},"end":{"line":44,"column":9}},"type":"if","locations":[{"start":{"line":40,"column":8},"end":{"line":44,"column":9}},{"start":{"line":42,"column":15},"end":{"line":44,"column":9}}],"line":40}},"s":{"0":3,"1":3,"2":3,"3":3,"4":3,"5":9,"6":3,"7":2,"8":3,"9":2,"10":4,"11":2,"12":1,"13":1,"14":3,"15":1,"16":1,"17":3,"18":1,"19":1,"20":0,"21":1,"22":0,"23":0,"24":0,"25":0,"26":3,"27":1,"28":1,"29":0,"30":1,"31":0,"32":3},"f":{"0":9,"1":2,"2":2,"3":4,"4":1,"5":1,"6":1,"7":1,"8":1},"b":{"0":[1,1],"1":[0,1],"2":[0,0],"3":[0,0],"4":[0,1]},"_coverageSchema":"1a1c01bbd47fc00a2c39e90264f33305004495a9","hash":"200378caf2c0d40ed3038084b9f4b3990ebd95f5"}
,"/mnt/c/Users/Vhiktor/Desktop/Programmering/Designprinciper/design-p-01-node/models/users.js": {"path":"/mnt/c/Users/Vhiktor/Desktop/Programmering/Designprinciper/design-p-01-node/models/users.js","statementMap":{"0":{"start":{"line":1,"column":21},"end":{"line":1,"column":49}},"1":{"start":{"line":2,"column":23},"end":{"line":2,"column":38}},"2":{"start":{"line":3,"column":27},"end":{"line":3,"column":57}},"3":{"start":{"line":5,"column":17},"end":{"line":5,"column":19}},"4":{"start":{"line":6,"column":0},"end":{"line":6,"column":56}},"5":{"start":{"line":6,"column":36},"end":{"line":6,"column":55}},"6":{"start":{"line":8,"column":20},"end":{"line":10,"column":1}},"7":{"start":{"line":9,"column":2},"end":{"line":9,"column":17}},"8":{"start":{"line":12,"column":20},"end":{"line":16,"column":1}},"9":{"start":{"line":13,"column":19},"end":{"line":13,"column":61}},"10":{"start":{"line":13,"column":43},"end":{"line":13,"column":60}},"11":{"start":{"line":14,"column":2},"end":{"line":14,"column":54}},"12":{"start":{"line":14,"column":28},"end":{"line":14,"column":54}},"13":{"start":{"line":15,"column":2},"end":{"line":15,"column":17}},"14":{"start":{"line":18,"column":17},"end":{"line":24,"column":1}},"15":{"start":{"line":19,"column":15},"end":{"line":22,"column":3}},"16":{"start":{"line":23,"column":2},"end":{"line":23,"column":21}},"17":{"start":{"line":26,"column":23},"end":{"line":30,"column":1}},"18":{"start":{"line":27,"column":20},"end":{"line":27,"column":66}},"19":{"start":{"line":27,"column":49},"end":{"line":27,"column":65}},"20":{"start":{"line":28,"column":2},"end":{"line":28,"column":55}},"21":{"start":{"line":28,"column":29},"end":{"line":28,"column":55}},"22":{"start":{"line":29,"column":2},"end":{"line":29,"column":31}},"23":{"start":{"line":32,"column":0},"end":{"line":37,"column":1}}},"fnMap":{"0":{"name":"(anonymous_0)","decl":{"start":{"line":6,"column":26},"end":{"line":6,"column":27}},"loc":{"start":{"line":6,"column":36},"end":{"line":6,"column":55}},"line":6},"1":{"name":"(anonymous_1)","decl":{"start":{"line":8,"column":20},"end":{"line":8,"column":21}},"loc":{"start":{"line":8,"column":26},"end":{"line":10,"column":1}},"line":8},"2":{"name":"(anonymous_2)","decl":{"start":{"line":12,"column":20},"end":{"line":12,"column":21}},"loc":{"start":{"line":12,"column":28},"end":{"line":16,"column":1}},"line":12},"3":{"name":"(anonymous_3)","decl":{"start":{"line":13,"column":33},"end":{"line":13,"column":34}},"loc":{"start":{"line":13,"column":43},"end":{"line":13,"column":60}},"line":13},"4":{"name":"(anonymous_4)","decl":{"start":{"line":18,"column":17},"end":{"line":18,"column":18}},"loc":{"start":{"line":18,"column":27},"end":{"line":24,"column":1}},"line":18},"5":{"name":"(anonymous_5)","decl":{"start":{"line":26,"column":23},"end":{"line":26,"column":24}},"loc":{"start":{"line":26,"column":31},"end":{"line":30,"column":1}},"line":26},"6":{"name":"(anonymous_6)","decl":{"start":{"line":27,"column":39},"end":{"line":27,"column":40}},"loc":{"start":{"line":27,"column":49},"end":{"line":27,"column":65}},"line":27}},"branchMap":{"0":{"loc":{"start":{"line":14,"column":2},"end":{"line":14,"column":54}},"type":"if","locations":[{"start":{"line":14,"column":2},"end":{"line":14,"column":54}},{"start":{},"end":{}}],"line":14},"1":{"loc":{"start":{"line":28,"column":2},"end":{"line":28,"column":55}},"type":"if","locations":[{"start":{"line":28,"column":2},"end":{"line":28,"column":55}},{"start":{},"end":{}}],"line":28}},"s":{"0":3,"1":3,"2":3,"3":3,"4":3,"5":9,"6":3,"7":1,"8":3,"9":1,"10":3,"11":1,"12":1,"13":0,"14":3,"15":0,"16":0,"17":3,"18":0,"19":0,"20":0,"21":0,"22":0,"23":3},"f":{"0":9,"1":1,"2":1,"3":3,"4":0,"5":0,"6":0},"b":{"0":[1,0],"1":[0,0]},"_coverageSchema":"1a1c01bbd47fc00a2c39e90264f33305004495a9","hash":"5e434ca8d194ec258b7c29f69267da4d1010a79e"}
,"/mnt/c/Users/Vhiktor/Desktop/Programmering/Designprinciper/design-p-01-node/routes/carts.js": {"path":"/mnt/c/Users/Vhiktor/Desktop/Programmering/Designprinciper/design-p-01-node/routes/carts.js","statementMap":{"0":{"start":{"line":1,"column":19},"end":{"line":1,"column":37}},"1":{"start":{"line":2,"column":15},"end":{"line":2,"column":27}},"2":{"start":{"line":4,"column":16},"end":{"line":4,"column":39}},"3":{"start":{"line":6,"column":0},"end":{"line":6,"column":52}},"4":{"start":{"line":8,"column":0},"end":{"line":8,"column":23}}},"fnMap":{},"branchMap":{},"s":{"0":3,"1":3,"2":3,"3":3,"4":3},"f":{},"b":{},"_coverageSchema":"1a1c01bbd47fc00a2c39e90264f33305004495a9","hash":"5e4269825b38e094c4c65c51f79fe7b668e48613"}
,"/mnt/c/Users/Vhiktor/Desktop/Programmering/Designprinciper/design-p-01-node/routes/products.js": {"path":"/mnt/c/Users/Vhiktor/Desktop/Programmering/Designprinciper/design-p-01-node/routes/products.js","statementMap":{"0":{"start":{"line":1,"column":19},"end":{"line":1,"column":37}},"1":{"start":{"line":2,"column":15},"end":{"line":2,"column":27}},"2":{"start":{"line":4,"column":19},"end":{"line":4,"column":45}},"3":{"start":{"line":6,"column":0},"end":{"line":6,"column":51}},"4":{"start":{"line":7,"column":0},"end":{"line":7,"column":55}},"5":{"start":{"line":8,"column":0},"end":{"line":8,"column":49}},"6":{"start":{"line":9,"column":0},"end":{"line":9,"column":56}},"7":{"start":{"line":10,"column":0},"end":{"line":10,"column":61}},"8":{"start":{"line":12,"column":0},"end":{"line":12,"column":24}}},"fnMap":{},"branchMap":{},"s":{"0":3,"1":3,"2":3,"3":3,"4":3,"5":3,"6":3,"7":3,"8":3},"f":{},"b":{},"_coverageSchema":"1a1c01bbd47fc00a2c39e90264f33305004495a9","hash":"c0999987af27ec01601cea726662d64f463dd255"}
,"/mnt/c/Users/Vhiktor/Desktop/Programmering/Designprinciper/design-p-01-node/routes/users.js": {"path":"/mnt/c/Users/Vhiktor/Desktop/Programmering/Designprinciper/design-p-01-node/routes/users.js","statementMap":{"0":{"start":{"line":1,"column":19},"end":{"line":1,"column":37}},"1":{"start":{"line":2,"column":15},"end":{"line":2,"column":27}},"2":{"start":{"line":4,"column":16},"end":{"line":4,"column":39}},"3":{"start":{"line":6,"column":0},"end":{"line":6,"column":42}},"4":{"start":{"line":7,"column":0},"end":{"line":7,"column":46}},"5":{"start":{"line":8,"column":0},"end":{"line":8,"column":45}},"6":{"start":{"line":9,"column":0},"end":{"line":9,"column":48}},"7":{"start":{"line":13,"column":0},"end":{"line":13,"column":24}}},"fnMap":{},"branchMap":{},"s":{"0":3,"1":3,"2":3,"3":3,"4":3,"5":3,"6":3,"7":3},"f":{},"b":{},"_coverageSchema":"1a1c01bbd47fc00a2c39e90264f33305004495a9","hash":"248e401de842a2f28a3d1a3847eb3cac85358cce"}
}
