TN:
SF:index.js
FNF:0
FNH:0
DA:1,3
DA:3,3
DA:4,3
DA:5,3
DA:6,3
DA:7,3
DA:8,3
DA:10,3
DA:11,3
DA:12,3
DA:13,3
DA:14,3
DA:15,3
DA:17,3
LF:14
LH:14
BRF:0
BRH:0
end_of_record
TN:
SF:utils.js
FN:1,(anonymous_0)
FNF:1
FNH:1
FNDA:6,(anonymous_0)
DA:1,3
DA:2,6
DA:3,3
DA:5,3
DA:8,3
LF:5
LH:5
BRDA:2,0,0,3
BRDA:2,0,1,3
BRDA:2,1,0,6
BRDA:2,1,1,3
BRF:4
BRH:4
end_of_record
TN:
SF:api/carts.js
FN:6,(anonymous_0)
FN:17,(anonymous_1)
FN:21,(anonymous_2)
FN:34,(anonymous_3)
FN:52,(anonymous_4)
FNF:5
FNH:5
FNDA:3,(anonymous_0)
FNDA:3,(anonymous_1)
FNDA:3,(anonymous_2)
FNDA:3,(anonymous_3)
FNDA:2,(anonymous_4)
DA:1,3
DA:2,3
DA:3,3
DA:4,3
DA:6,3
DA:7,3
DA:8,3
DA:9,3
DA:10,2
DA:11,1
DA:13,2
DA:17,3
DA:18,3
DA:19,3
DA:20,3
DA:21,3
DA:22,3
DA:23,1
DA:25,2
DA:27,1
DA:28,1
DA:30,2
DA:34,3
DA:35,3
DA:36,3
DA:38,3
DA:39,3
DA:40,2
DA:43,1
DA:44,1
DA:46,1
DA:48,2
DA:52,3
DA:53,2
DA:54,2
DA:55,2
DA:56,2
DA:57,2
DA:58,2
DA:60,0
DA:64,3
LF:41
LH:40
BRDA:22,0,0,1
BRDA:22,0,1,2
BRDA:22,1,0,3
BRDA:22,1,1,2
BRDA:39,2,0,2
BRDA:39,2,1,1
BRDA:39,3,0,3
BRDA:39,3,1,1
BRF:8
BRH:8
end_of_record
TN:
SF:api/products.js
FN:10,(anonymous_0)
FN:21,(anonymous_1)
FN:33,(anonymous_2)
FN:49,(anonymous_3)
FN:65,(anonymous_4)
FNF:5
FNH:5
FNDA:2,(anonymous_0)
FNDA:3,(anonymous_1)
FNDA:3,(anonymous_2)
FNDA:3,(anonymous_3)
FNDA:2,(anonymous_4)
DA:1,3
DA:2,3
DA:8,3
DA:10,3
DA:11,2
DA:12,2
DA:13,2
DA:17,0
DA:21,3
DA:22,3
DA:23,3
DA:24,3
DA:25,2
DA:29,1
DA:33,3
DA:34,3
DA:35,3
DA:36,3
DA:37,2
DA:39,1
DA:40,1
DA:41,1
DA:45,2
DA:49,3
DA:50,3
DA:51,3
DA:52,3
DA:53,3
DA:54,1
DA:56,2
DA:57,1
DA:61,2
DA:65,3
DA:66,2
DA:67,2
DA:68,2
DA:69,1
DA:73,1
DA:77,3
LF:39
LH:38
BRDA:36,0,0,2
BRDA:36,0,1,1
BRDA:39,1,0,0
BRDA:39,1,1,1
BRDA:39,2,0,1
BRDA:39,2,1,1
BRDA:53,3,0,1
BRDA:53,3,1,2
BRF:8
BRH:7
end_of_record
TN:
SF:api/users.js
FN:5,(anonymous_0)
FN:16,(anonymous_1)
FN:28,(anonymous_2)
FN:43,(anonymous_3)
FNF:4
FNH:4
FNDA:2,(anonymous_0)
FNDA:2,(anonymous_1)
FNDA:2,(anonymous_2)
FNDA:2,(anonymous_3)
DA:1,3
DA:2,3
DA:3,3
DA:5,3
DA:6,2
DA:7,2
DA:8,2
DA:12,0
DA:16,3
DA:17,2
DA:18,2
DA:19,2
DA:20,1
DA:24,1
DA:28,3
DA:29,2
DA:31,2
DA:32,2
DA:33,2
DA:34,1
DA:35,1
DA:39,1
DA:43,3
DA:44,2
DA:45,2
DA:46,2
DA:47,1
DA:51,1
DA:55,3
LF:29
LH:28
BRDA:33,0,0,1
BRDA:33,0,1,1
BRF:2
BRH:2
end_of_record
TN:
SF:db/database.js
FNF:0
FNH:0
DA:1,3
DA:60,3
LF:2
LH:2
BRF:0
BRH:0
end_of_record
TN:
SF:errors/errors.js
FN:4,(anonymous_0)
FN:12,(anonymous_1)
FN:19,(anonymous_2)
FN:29,(anonymous_3)
FN:36,(anonymous_4)
FN:44,(anonymous_5)
FNF:6
FNH:6
FNDA:3,(anonymous_0)
FNDA:4,(anonymous_1)
FNDA:3,(anonymous_2)
FNDA:3,(anonymous_3)
FNDA:1,(anonymous_4)
FNDA:1,(anonymous_5)
DA:5,3
DA:6,3
DA:7,3
DA:13,4
DA:14,4
DA:15,4
DA:20,3
DA:21,3
DA:22,3
DA:30,3
DA:31,3
DA:32,3
DA:37,1
DA:38,1
DA:39,1
DA:45,1
DA:46,1
DA:47,1
DA:48,1
DA:52,3
LF:20
LH:20
BRF:0
BRH:0
end_of_record
TN:
SF:middleware/errorHandler.js
FN:3,errorHandler
FNF:1
FNH:1
FNDA:15,errorHandler
DA:1,3
DA:4,15
DA:5,15
DA:7,0
DA:11,3
LF:5
LH:4
BRDA:4,0,0,15
BRDA:4,0,1,0
BRF:2
BRH:1
end_of_record
TN:
SF:middleware/logger.js
FN:1,(anonymous_0)
FNF:1
FNH:1
FNDA:33,(anonymous_0)
DA:1,3
DA:3,33
DA:6,3
LF:3
LH:3
BRF:0
BRH:0
end_of_record
TN:
SF:models/carts.js
FN:5,(anonymous_0)
FN:6,(anonymous_1)
FN:12,(anonymous_2)
FN:13,(anonymous_3)
FN:17,(anonymous_4)
FN:19,(anonymous_5)
FN:20,(anonymous_6)
FN:28,(anonymous_7)
FN:30,(anonymous_8)
FN:31,(anonymous_9)
FNF:10
FNH:10
FNDA:5,(anonymous_0)
FNDA:7,(anonymous_1)
FNDA:1,(anonymous_2)
FNDA:2,(anonymous_3)
FNDA:1,(anonymous_4)
FNDA:1,(anonymous_5)
FNDA:1,(anonymous_6)
FNDA:2,(anonymous_7)
FNDA:3,(anonymous_8)
FNDA:2,(anonymous_9)
DA:1,3
DA:2,3
DA:4,3
DA:5,3
DA:6,7
DA:7,5
DA:8,4
DA:9,4
DA:12,3
DA:13,2
DA:14,1
DA:17,3
DA:18,1
DA:19,1
DA:20,1
DA:22,1
DA:23,1
DA:24,1
DA:25,1
DA:28,3
DA:29,2
DA:30,3
DA:31,2
DA:32,2
DA:33,2
DA:34,2
DA:36,3
LF:27
LH:27
BRDA:7,0,0,1
BRDA:7,0,1,4
BRDA:13,1,0,0
BRDA:13,1,1,1
BRDA:23,2,0,0
BRDA:23,2,1,1
BRDA:24,3,0,0
BRDA:24,3,1,1
BRDA:25,4,0,0
BRDA:25,4,1,1
BRDA:32,5,0,0
BRDA:32,5,1,2
BRDA:34,6,0,1
BRDA:34,6,1,1
BRF:14
BRH:9
end_of_record
TN:
SF:models/products.js
FN:6,(anonymous_0)
FN:10,(anonymous_1)
FN:11,(anonymous_2)
FN:16,(anonymous_3)
FN:25,(anonymous_4)
FN:26,(anonymous_5)
FN:32,(anonymous_6)
FN:33,(anonymous_7)
FNF:8
FNH:8
FNDA:2,(anonymous_0)
FNDA:8,(anonymous_1)
FNDA:15,(anonymous_2)
FNDA:1,(anonymous_3)
FNDA:2,(anonymous_4)
FNDA:5,(anonymous_5)
FNDA:2,(anonymous_6)
FNDA:4,(anonymous_7)
DA:1,3
DA:2,3
DA:3,3
DA:4,3
DA:6,3
DA:7,2
DA:10,3
DA:11,15
DA:12,8
DA:13,6
DA:16,3
DA:17,1
DA:22,1
DA:25,3
DA:26,5
DA:27,2
DA:28,1
DA:29,1
DA:32,3
DA:33,4
DA:34,2
DA:35,1
DA:38,3
LF:23
LH:23
BRDA:12,0,0,2
BRDA:12,0,1,6
BRDA:27,1,0,1
BRDA:27,1,1,1
BRDA:28,2,0,1
BRDA:28,2,1,0
BRDA:29,3,0,1
BRDA:29,3,1,0
BRDA:34,4,0,1
BRDA:34,4,1,1
BRF:10
BRH:8
end_of_record
TN:
SF:models/users.js
FN:7,(anonymous_0)
FN:11,(anonymous_1)
FN:12,(anonymous_2)
FN:17,(anonymous_3)
FN:25,(anonymous_4)
FN:26,(anonymous_5)
FNF:6
FNH:6
FNDA:2,(anonymous_0)
FNDA:7,(anonymous_1)
FNDA:14,(anonymous_2)
FNDA:1,(anonymous_3)
FNDA:2,(anonymous_4)
FNDA:5,(anonymous_5)
DA:1,3
DA:2,3
DA:3,3
DA:5,3
DA:7,3
DA:8,2
DA:11,3
DA:12,14
DA:13,7
DA:14,5
DA:17,3
DA:18,1
DA:22,1
DA:25,3
DA:26,5
DA:27,2
DA:28,1
DA:30,1
DA:33,3
LF:19
LH:19
BRDA:13,0,0,2
BRDA:13,0,1,5
BRDA:27,1,0,1
BRDA:27,1,1,1
BRF:4
BRH:4
end_of_record
TN:
SF:routes/carts.js
FNF:0
FNH:0
DA:1,3
DA:2,3
DA:4,3
DA:6,3
DA:7,3
DA:8,3
DA:9,3
DA:11,3
LF:8
LH:8
BRF:0
BRH:0
end_of_record
TN:
SF:routes/products.js
FNF:0
FNH:0
DA:1,3
DA:2,3
DA:4,3
DA:6,3
DA:7,3
DA:8,3
DA:9,3
DA:10,3
DA:12,3
LF:9
LH:9
BRF:0
BRH:0
end_of_record
TN:
SF:routes/users.js
FNF:0
FNH:0
DA:1,3
DA:2,3
DA:4,3
DA:6,3
DA:7,3
DA:8,3
DA:9,3
DA:11,3
LF:8
LH:8
BRF:0
BRH:0
end_of_record
